# JRE version: Java(TM) SE Runtime Environment (8.0_73-b02) (build 1.8.0_73-b02)
# Java VM: Java HotSpot(TM) 64-Bit Server VM (25.73-b02 mixed mode windows-amd64 compressed oops)
Heap:
 PSYoungGen      total 752128K, used 392615K [0x000000076ab00000, 0x00000007a7400000, 0x00000007c0000000)
  eden space 552448K, 47% used [0x000000076ab00000,0x000000077aa30428,0x000000078c680000)
  from space 199680K, 65% used [0x0000000799500000,0x00000007a15397e0,0x00000007a5800000)
  to   space 211456K, 0% used [0x000000078c680000,0x000000078c680000,0x0000000799500000)
 ParOldGen       total 716288K, used 469088K [0x00000006c0000000, 0x00000006ebb80000, 0x000000076ab00000)
  object space 716288K, 65% used [0x00000006c0000000,0x00000006dca180a0,0x00000006ebb80000)
 Metaspace       used 6662K, capacity 7320K, committed 7680K, reserved 1056768K
  class space    used 627K, capacity 656K, committed 768K, reserved 1048576K
GC Heap History (10 events):
Event: 20.841 GC heap before
{Heap before GC invocations=18 (full 3):
 PSYoungGen      total 543744K, used 502674K [0x000000076ab00000, 0x0000000796680000, 0x00000007c0000000)
  eden space 430080K, 100% used [0x000000076ab00000,0x0000000784f00000,0x0000000784f00000)
  from space 113664K, 63% used [0x000000078cb00000,0x00000007911e48e8,0x0000000793a00000)
  to   space 126976K, 0% used [0x0000000784f00000,0x0000000784f00000,0x000000078cb00000)
 ParOldGen       total 424960K, used 264248K [0x00000006c0000000, 0x00000006d9f00000, 0x000000076ab00000)
  object space 424960K, 62% used [0x00000006c0000000,0x00000006d020e238,0x00000006d9f00000)
 Metaspace       used 6618K, capacity 7320K, committed 7680K, reserved 1056768K
  class space    used 626K, capacity 656K, committed 768K, reserved 1048576K
Event: 21.118 GC heap after
Heap after GC invocations=18 (full 3):
 PSYoungGen      total 557056K, used 126968K [0x000000076ab00000, 0x000000079c280000, 0x00000007c0000000)
  eden space 430080K, 0% used [0x000000076ab00000,0x000000076ab00000,0x0000000784f00000)
  from space 126976K, 99% used [0x0000000784f00000,0x000000078cafe1e0,0x000000078cb00000)
  to   space 151040K, 0% used [0x0000000792f00000,0x0000000792f00000,0x000000079c280000)
 ParOldGen       total 424960K, used 271573K [0x00000006c0000000, 0x00000006d9f00000, 0x000000076ab00000)
  object space 424960K, 63% used [0x00000006c0000000,0x00000006d09357b8,0x00000006d9f00000)
 Metaspace       used 6618K, capacity 7320K, committed 7680K, reserved 1056768K
  class space    used 626K, capacity 656K, committed 768K, reserved 1048576K
}
Event: 22.247 GC heap before
{Heap before GC invocations=19 (full 3):
 PSYoungGen      total 557056K, used 557048K [0x000000076ab00000, 0x000000079c280000, 0x00000007c0000000)
  eden space 430080K, 100% used [0x000000076ab00000,0x0000000784f00000,0x0000000784f00000)
  from space 126976K, 99% used [0x0000000784f00000,0x000000078cafe1e0,0x000000078cb00000)
  to   space 151040K, 0% used [0x0000000792f00000,0x0000000792f00000,0x000000079c280000)
 ParOldGen       total 424960K, used 271573K [0x00000006c0000000, 0x00000006d9f00000, 0x000000076ab00000)
  object space 424960K, 63% used [0x00000006c0000000,0x00000006d09357b8,0x00000006d9f00000)
 Metaspace       used 6647K, capacity 7320K, committed 7680K, reserved 1056768K
  class space    used 627K, capacity 656K, committed 768K, reserved 1048576K
Event: 22.537 GC heap after
Heap after GC invocations=19 (full 3):
 PSYoungGen      total 646656K, used 116780K [0x000000076ab00000, 0x000000079e680000, 0x00000007c0000000)
  eden space 495616K, 0% used [0x000000076ab00000,0x000000076ab00000,0x0000000788f00000)
  from space 151040K, 77% used [0x0000000792f00000,0x000000079a10b1b8,0x000000079c280000)
  to   space 163840K, 0% used [0x0000000788f00000,0x0000000788f00000,0x0000000792f00000)
 ParOldGen       total 424960K, used 342776K [0x00000006c0000000, 0x00000006d9f00000, 0x000000076ab00000)
  object space 424960K, 80% used [0x00000006c0000000,0x00000006d4ebe198,0x00000006d9f00000)
 Metaspace       used 6647K, capacity 7320K, committed 7680K, reserved 1056768K
  class space    used 627K, capacity 656K, committed 768K, reserved 1048576K
}
Event: 23.932 GC heap before
{Heap before GC invocations=20 (full 3):
 PSYoungGen      total 646656K, used 612396K [0x000000076ab00000, 0x000000079e680000, 0x00000007c0000000)
  eden space 495616K, 100% used [0x000000076ab00000,0x0000000788f00000,0x0000000788f00000)
  from space 151040K, 77% used [0x0000000792f00000,0x000000079a10b1b8,0x000000079c280000)
  to   space 163840K, 0% used [0x0000000788f00000,0x0000000788f00000,0x0000000792f00000)
 ParOldGen       total 424960K, used 342776K [0x00000006c0000000, 0x00000006d9f00000, 0x000000076ab00000)
  object space 424960K, 80% used [0x00000006c0000000,0x00000006d4ebe198,0x00000006d9f00000)
 Metaspace       used 6650K, capacity 7320K, committed 7680K, reserved 1056768K
  class space    used 627K, capacity 656K, committed 768K, reserved 1048576K
Event: 24.127 GC heap after
Heap after GC invocations=20 (full 3):
 PSYoungGen      total 659456K, used 163826K [0x000000076ab00000, 0x00000007a5800000, 0x00000007c0000000)
  eden space 495616K, 0% used [0x000000076ab00000,0x000000076ab00000,0x0000000788f00000)
  from space 163840K, 99% used [0x0000000788f00000,0x0000000792efcad0,0x0000000792f00000)
  to   space 199680K, 0% used [0x0000000799500000,0x0000000799500000,0x00000007a5800000)
 ParOldGen       total 424960K, used 366006K [0x00000006c0000000, 0x00000006d9f00000, 0x000000076ab00000)
  object space 424960K, 86% used [0x00000006c0000000,0x00000006d656da60,0x00000006d9f00000)
 Metaspace       used 6650K, capacity 7320K, committed 7680K, reserved 1056768K
  class space    used 627K, capacity 656K, committed 768K, reserved 1048576K
}
Event: 25.208 GC heap before
{Heap before GC invocations=21 (full 3):
 PSYoungGen      total 659456K, used 659442K [0x000000076ab00000, 0x00000007a5800000, 0x00000007c0000000)
  eden space 495616K, 100% used [0x000000076ab00000,0x0000000788f00000,0x0000000788f00000)
  from space 163840K, 99% used [0x0000000788f00000,0x0000000792efcad0,0x0000000792f00000)
  to   space 199680K, 0% used [0x0000000799500000,0x0000000799500000,0x00000007a5800000)
 ParOldGen       total 424960K, used 366006K [0x00000006c0000000, 0x00000006d9f00000, 0x000000076ab00000)
  object space 424960K, 86% used [0x00000006c0000000,0x00000006d656da60,0x00000006d9f00000)
 Metaspace       used 6661K, capacity 7320K, committed 7680K, reserved 1056768K
  class space    used 627K, capacity 656K, committed 768K, reserved 1048576K
Event: 25.473 GC heap after
Heap after GC invocations=21 (full 3):
 PSYoungGen      total 752128K, used 141733K [0x000000076ab00000, 0x00000007a7400000, 0x00000007c0000000)
  eden space 552448K, 0% used [0x000000076ab00000,0x000000076ab00000,0x000000078c680000)
  from space 199680K, 70% used [0x0000000799500000,0x00000007a1f694a8,0x00000007a5800000)
  to   space 211456K, 0% used [0x000000078c680000,0x000000078c680000,0x0000000799500000)
 ParOldGen       total 469504K, used 468521K [0x00000006c0000000, 0x00000006dca80000, 0x000000076ab00000)
  object space 469504K, 99% used [0x00000006c0000000,0x00000006dc98a738,0x00000006dca80000)
 Metaspace       used 6661K, capacity 7320K, committed 7680K, reserved 1056768K
  class space    used 627K, capacity 656K, committed 768K, reserved 1048576K
}
Event: 25.473 GC heap before
{Heap before GC invocations=22 (full 4):
 PSYoungGen      total 752128K, used 141733K [0x000000076ab00000, 0x00000007a7400000, 0x00000007c0000000)
  eden space 552448K, 0% used [0x000000076ab00000,0x000000076ab00000,0x000000078c680000)
  from space 199680K, 70% used [0x0000000799500000,0x00000007a1f694a8,0x00000007a5800000)
  to   space 211456K, 0% used [0x000000078c680000,0x000000078c680000,0x0000000799500000)
 ParOldGen       total 469504K, used 468521K [0x00000006c0000000, 0x00000006dca80000, 0x000000076ab00000)
  object space 469504K, 99% used [0x00000006c0000000,0x00000006dc98a738,0x00000006dca80000)
 Metaspace       used 6661K, capacity 7320K, committed 7680K, reserved 1056768K
  class space    used 627K, capacity 656K, committed 768K, reserved 1048576K
Event: 31.169 GC heap after
Heap after GC invocations=22 (full 4):
 PSYoungGen      total 752128K, used 131301K [0x000000076ab00000, 0x00000007a7400000, 0x00000007c0000000)
  eden space 552448K, 0% used [0x000000076ab00000,0x000000076ab00000,0x000000078c680000)
  from space 199680K, 65% used [0x0000000799500000,0x00000007a15397e0,0x00000007a5800000)
  to   space 211456K, 0% used [0x000000078c680000,0x000000078c680000,0x0000000799500000)
 ParOldGen       total 716288K, used 469088K [0x00000006c0000000, 0x00000006ebb80000, 0x000000076ab00000)
  object space 716288K, 65% used [0x00000006c0000000,0x00000006dca180a0,0x00000006ebb80000)
 Metaspace       used 6661K, capacity 7320K, committed 7680K, reserved 1056768K
  class space    used 627K, capacity 656K, committed 768K, reserved 1048576K
}

