# JRE version: Java(TM) SE Runtime Environment (8.0_73-b02) (build 1.8.0_73-b02)
# Java VM: Java HotSpot(TM) 64-Bit Server VM (25.73-b02 mixed mode windows-amd64 compressed oops)
Heap:
 PSYoungGen      total 839680K, used 544406K [0x000000076ab00000, 0x00000007b4b80000, 0x00000007c0000000)
  eden space 571392K, 74% used [0x000000076ab00000,0x0000000784c8bca8,0x000000078d900000)
  from space 268288K, 43% used [0x000000078d900000,0x0000000794b19f08,0x000000079df00000)
  to   space 276480K, 0% used [0x00000007a3d80000,0x00000007a3d80000,0x00000007b4b80000)
 ParOldGen       total 956928K, used 655429K [0x00000006c0000000, 0x00000006fa680000, 0x000000076ab00000)
  object space 956928K, 68% used [0x00000006c0000000,0x00000006e80114e8,0x00000006fa680000)
 Metaspace       used 6692K, capacity 7320K, committed 7680K, reserved 1056768K
  class space    used 627K, capacity 656K, committed 768K, reserved 1048576K
GC Heap History (10 events):
Event: 25.096 GC heap before
{Heap before GC invocations=22 (full 4):
 PSYoungGen      total 628224K, used 583647K [0x000000076ab00000, 0x00000007a2c80000, 0x00000007c0000000)
  eden space 485888K, 100% used [0x000000076ab00000,0x0000000788580000,0x0000000788580000)
  from space 142336K, 68% used [0x0000000788580000,0x000000078e4f7df8,0x0000000791080000)
  to   space 182784K, 0% used [0x0000000797a00000,0x0000000797a00000,0x00000007a2c80000)
 ParOldGen       total 655872K, used 426467K [0x00000006c0000000, 0x00000006e8080000, 0x000000076ab00000)
  object space 655872K, 65% used [0x00000006c0000000,0x00000006da078c30,0x00000006e8080000)
 Metaspace       used 6676K, capacity 7320K, committed 7680K, reserved 1056768K
  class space    used 626K, capacity 656K, committed 768K, reserved 1048576K
Event: 25.504 GC heap after
Heap after GC invocations=22 (full 4):
 PSYoungGen      total 727552K, used 119326K [0x000000076ab00000, 0x00000007a3200000, 0x00000007c0000000)
  eden space 544768K, 0% used [0x000000076ab00000,0x000000076ab00000,0x000000078bf00000)
  from space 182784K, 65% used [0x0000000797a00000,0x000000079ee87818,0x00000007a2c80000)
  to   space 189952K, 0% used [0x000000078bf00000,0x000000078bf00000,0x0000000797880000)
 ParOldGen       total 655872K, used 479930K [0x00000006c0000000, 0x00000006e8080000, 0x000000076ab00000)
  object space 655872K, 73% used [0x00000006c0000000,0x00000006dd4ae9d0,0x00000006e8080000)
 Metaspace       used 6676K, capacity 7320K, committed 7680K, reserved 1056768K
  class space    used 626K, capacity 656K, committed 768K, reserved 1048576K
}
Event: 26.784 GC heap before
{Heap before GC invocations=23 (full 4):
 PSYoungGen      total 727552K, used 664094K [0x000000076ab00000, 0x00000007a3200000, 0x00000007c0000000)
  eden space 544768K, 100% used [0x000000076ab00000,0x000000078bf00000,0x000000078bf00000)
  from space 182784K, 65% used [0x0000000797a00000,0x000000079ee87818,0x00000007a2c80000)
  to   space 189952K, 0% used [0x000000078bf00000,0x000000078bf00000,0x0000000797880000)
 ParOldGen       total 655872K, used 479930K [0x00000006c0000000, 0x00000006e8080000, 0x000000076ab00000)
  object space 655872K, 73% used [0x00000006c0000000,0x00000006dd4ae9d0,0x00000006e8080000)
 Metaspace       used 6681K, capacity 7320K, committed 7680K, reserved 1056768K
  class space    used 626K, capacity 656K, committed 768K, reserved 1048576K
Event: 27.107 GC heap after
Heap after GC invocations=23 (full 4):
 PSYoungGen      total 734720K, used 187176K [0x000000076ab00000, 0x00000007ab600000, 0x00000007c0000000)
  eden space 544768K, 0% used [0x000000076ab00000,0x000000076ab00000,0x000000078bf00000)
  from space 189952K, 98% used [0x000000078bf00000,0x00000007975ca388,0x0000000797880000)
  to   space 220160K, 0% used [0x000000079df00000,0x000000079df00000,0x00000007ab600000)
 ParOldGen       total 655872K, used 479938K [0x00000006c0000000, 0x00000006e8080000, 0x000000076ab00000)
  object space 655872K, 73% used [0x00000006c0000000,0x00000006dd4b09d0,0x00000006e8080000)
 Metaspace       used 6681K, capacity 7320K, committed 7680K, reserved 1056768K
  class space    used 626K, capacity 656K, committed 768K, reserved 1048576K
}
Event: 28.653 GC heap before
{Heap before GC invocations=24 (full 4):
 PSYoungGen      total 734720K, used 731944K [0x000000076ab00000, 0x00000007ab600000, 0x00000007c0000000)
  eden space 544768K, 100% used [0x000000076ab00000,0x000000078bf00000,0x000000078bf00000)
  from space 189952K, 98% used [0x000000078bf00000,0x00000007975ca388,0x0000000797880000)
  to   space 220160K, 0% used [0x000000079df00000,0x000000079df00000,0x00000007ab600000)
 ParOldGen       total 655872K, used 479938K [0x00000006c0000000, 0x00000006e8080000, 0x000000076ab00000)
  object space 655872K, 73% used [0x00000006c0000000,0x00000006dd4b09d0,0x00000006e8080000)
 Metaspace       used 6691K, capacity 7320K, committed 7680K, reserved 1056768K
  class space    used 627K, capacity 656K, committed 768K, reserved 1048576K
Event: 29.093 GC heap after
Heap after GC invocations=24 (full 4):
 PSYoungGen      total 791552K, used 220142K [0x000000076ab00000, 0x00000007b1b80000, 0x00000007c0000000)
  eden space 571392K, 0% used [0x000000076ab00000,0x000000076ab00000,0x000000078d900000)
  from space 220160K, 99% used [0x000000079df00000,0x00000007ab5fb8e8,0x00000007ab600000)
  to   space 268288K, 0% used [0x000000078d900000,0x000000078d900000,0x000000079df00000)
 ParOldGen       total 655872K, used 510339K [0x00000006c0000000, 0x00000006e8080000, 0x000000076ab00000)
  object space 655872K, 77% used [0x00000006c0000000,0x00000006df260d48,0x00000006e8080000)
 Metaspace       used 6691K, capacity 7320K, committed 7680K, reserved 1056768K
  class space    used 627K, capacity 656K, committed 768K, reserved 1048576K
}
Event: 30.509 GC heap before
{Heap before GC invocations=25 (full 4):
 PSYoungGen      total 791552K, used 791534K [0x000000076ab00000, 0x00000007b1b80000, 0x00000007c0000000)
  eden space 571392K, 100% used [0x000000076ab00000,0x000000078d900000,0x000000078d900000)
  from space 220160K, 99% used [0x000000079df00000,0x00000007ab5fb8e8,0x00000007ab600000)
  to   space 268288K, 0% used [0x000000078d900000,0x000000078d900000,0x000000079df00000)
 ParOldGen       total 655872K, used 510339K [0x00000006c0000000, 0x00000006e8080000, 0x000000076ab00000)
  object space 655872K, 77% used [0x00000006c0000000,0x00000006df260d48,0x00000006e8080000)
 Metaspace       used 6691K, capacity 7320K, committed 7680K, reserved 1056768K
  class space    used 627K, capacity 656K, committed 768K, reserved 1048576K
Event: 30.824 GC heap after
Heap after GC invocations=25 (full 4):
 PSYoungGen      total 839680K, used 168765K [0x000000076ab00000, 0x00000007b4b80000, 0x00000007c0000000)
  eden space 571392K, 0% used [0x000000076ab00000,0x000000076ab00000,0x000000078d900000)
  from space 268288K, 62% used [0x000000078d900000,0x0000000797dcf7e8,0x000000079df00000)
  to   space 276480K, 0% used [0x00000007a3d80000,0x00000007a3d80000,0x00000007b4b80000)
 ParOldGen       total 655872K, used 613956K [0x00000006c0000000, 0x00000006e8080000, 0x000000076ab00000)
  object space 655872K, 93% used [0x00000006c0000000,0x00000006e5791298,0x00000006e8080000)
 Metaspace       used 6691K, capacity 7320K, committed 7680K, reserved 1056768K
  class space    used 627K, capacity 656K, committed 768K, reserved 1048576K
}
Event: 30.824 GC heap before
{Heap before GC invocations=26 (full 5):
 PSYoungGen      total 839680K, used 168765K [0x000000076ab00000, 0x00000007b4b80000, 0x00000007c0000000)
  eden space 571392K, 0% used [0x000000076ab00000,0x000000076ab00000,0x000000078d900000)
  from space 268288K, 62% used [0x000000078d900000,0x0000000797dcf7e8,0x000000079df00000)
  to   space 276480K, 0% used [0x00000007a3d80000,0x00000007a3d80000,0x00000007b4b80000)
 ParOldGen       total 655872K, used 613956K [0x00000006c0000000, 0x00000006e8080000, 0x000000076ab00000)
  object space 655872K, 93% used [0x00000006c0000000,0x00000006e5791298,0x00000006e8080000)
 Metaspace       used 6691K, capacity 7320K, committed 7680K, reserved 1056768K
  class space    used 627K, capacity 656K, committed 768K, reserved 1048576K
Event: 34.737 GC heap after
Heap after GC invocations=26 (full 5):
 PSYoungGen      total 839680K, used 116839K [0x000000076ab00000, 0x00000007b4b80000, 0x00000007c0000000)
  eden space 571392K, 0% used [0x000000076ab00000,0x000000076ab00000,0x000000078d900000)
  from space 268288K, 43% used [0x000000078d900000,0x0000000794b19f08,0x000000079df00000)
  to   space 276480K, 0% used [0x00000007a3d80000,0x00000007a3d80000,0x00000007b4b80000)
 ParOldGen       total 956928K, used 655429K [0x00000006c0000000, 0x00000006fa680000, 0x000000076ab00000)
  object space 956928K, 68% used [0x00000006c0000000,0x00000006e80114e8,0x00000006fa680000)
 Metaspace       used 6691K, capacity 7320K, committed 7680K, reserved 1056768K
  class space    used 627K, capacity 656K, committed 768K, reserved 1048576K
}

