# JRE version: Java(TM) SE Runtime Environment (8.0_73-b02) (build 1.8.0_73-b02)
# Java VM: Java HotSpot(TM) 64-Bit Server VM (25.73-b02 mixed mode windows-amd64 compressed oops)
Heap:
 PSYoungGen      total 850432K, used 706267K [0x000000076ab00000, 0x00000007aeb00000, 0x00000007c0000000)
  eden space 642048K, 98% used [0x000000076ab00000,0x000000079166b3d0,0x0000000791e00000)
  from space 208384K, 34% used [0x00000007a1f80000,0x00000007a65cb958,0x00000007aeb00000)
  to   space 236032K, 0% used [0x0000000791e00000,0x0000000791e00000,0x00000007a0480000)
 ParOldGen       total 776192K, used 775833K [0x00000006c0000000, 0x00000006ef600000, 0x000000076ab00000)
  object space 776192K, 99% used [0x00000006c0000000,0x00000006ef5a6720,0x00000006ef600000)
 Metaspace       used 7435K, capacity 7832K, committed 7936K, reserved 1056768K
  class space    used 680K, capacity 720K, committed 768K, reserved 1048576K
GC Heap History (10 events):
Event: 25.597 GC heap before
{Heap before GC invocations=20 (full 5):
 PSYoungGen      total 726016K, used 693264K [0x000000076ab00000, 0x00000007aeb00000, 0x00000007c0000000)
  eden space 567296K, 100% used [0x000000076ab00000,0x000000078d500000,0x000000078d500000)
  from space 158720K, 79% used [0x000000078d500000,0x00000007950041a0,0x0000000797000000)
  to   space 208384K, 0% used [0x00000007a1f80000,0x00000007a1f80000,0x00000007aeb00000)
 ParOldGen       total 465408K, used 464903K [0x00000006c0000000, 0x00000006dc680000, 0x000000076ab00000)
  object space 465408K, 99% used [0x00000006c0000000,0x00000006dc601de8,0x00000006dc680000)
 Metaspace       used 6645K, capacity 7320K, committed 7680K, reserved 1056768K
  class space    used 626K, capacity 656K, committed 768K, reserved 1048576K
Event: 29.587 GC heap after
Heap after GC invocations=20 (full 5):
 PSYoungGen      total 726016K, used 194521K [0x000000076ab00000, 0x00000007aeb00000, 0x00000007c0000000)
  eden space 567296K, 34% used [0x000000076ab00000,0x00000007768f6568,0x000000078d500000)
  from space 158720K, 0% used [0x000000078d500000,0x000000078d500000,0x0000000797000000)
  to   space 208384K, 0% used [0x00000007a1f80000,0x00000007a1f80000,0x00000007aeb00000)
 ParOldGen       total 776192K, used 465264K [0x00000006c0000000, 0x00000006ef600000, 0x000000076ab00000)
  object space 776192K, 59% used [0x00000006c0000000,0x00000006dc65c290,0x00000006ef600000)
 Metaspace       used 6645K, capacity 7320K, committed 7680K, reserved 1056768K
  class space    used 626K, capacity 656K, committed 768K, reserved 1048576K
}
Event: 30.335 GC heap before
{Heap before GC invocations=21 (full 5):
 PSYoungGen      total 726016K, used 567296K [0x000000076ab00000, 0x00000007aeb00000, 0x00000007c0000000)
  eden space 567296K, 100% used [0x000000076ab00000,0x000000078d500000,0x000000078d500000)
  from space 158720K, 0% used [0x000000078d500000,0x000000078d500000,0x0000000797000000)
  to   space 208384K, 0% used [0x00000007a1f80000,0x00000007a1f80000,0x00000007aeb00000)
 ParOldGen       total 776192K, used 465264K [0x00000006c0000000, 0x00000006ef600000, 0x000000076ab00000)
  object space 776192K, 59% used [0x00000006c0000000,0x00000006dc65c290,0x00000006ef600000)
 Metaspace       used 6655K, capacity 7320K, committed 7680K, reserved 1056768K
  class space    used 627K, capacity 656K, committed 768K, reserved 1048576K
Event: 30.739 GC heap after
Heap after GC invocations=21 (full 5):
 PSYoungGen      total 850432K, used 188123K [0x000000076ab00000, 0x00000007aeb00000, 0x00000007c0000000)
  eden space 642048K, 0% used [0x000000076ab00000,0x000000076ab00000,0x0000000791e00000)
  from space 208384K, 90% used [0x00000007a1f80000,0x00000007ad736f20,0x00000007aeb00000)
  to   space 236032K, 0% used [0x0000000791e00000,0x0000000791e00000,0x00000007a0480000)
 ParOldGen       total 776192K, used 527425K [0x00000006c0000000, 0x00000006ef600000, 0x000000076ab00000)
  object space 776192K, 67% used [0x00000006c0000000,0x00000006e03106b8,0x00000006ef600000)
 Metaspace       used 6655K, capacity 7320K, committed 7680K, reserved 1056768K
  class space    used 627K, capacity 656K, committed 768K, reserved 1048576K
}
Event: 32.005 GC heap before
{Heap before GC invocations=22 (full 5):
 PSYoungGen      total 850432K, used 830171K [0x000000076ab00000, 0x00000007aeb00000, 0x00000007c0000000)
  eden space 642048K, 100% used [0x000000076ab00000,0x0000000791e00000,0x0000000791e00000)
  from space 208384K, 90% used [0x00000007a1f80000,0x00000007ad736f20,0x00000007aeb00000)
  to   space 236032K, 0% used [0x0000000791e00000,0x0000000791e00000,0x00000007a0480000)
 ParOldGen       total 776192K, used 527425K [0x00000006c0000000, 0x00000006ef600000, 0x000000076ab00000)
  object space 776192K, 67% used [0x00000006c0000000,0x00000006e03106b8,0x00000006ef600000)
 Metaspace       used 6655K, capacity 7320K, committed 7680K, reserved 1056768K
  class space    used 627K, capacity 656K, committed 768K, reserved 1048576K
Event: 32.323 GC heap after
Heap after GC invocations=22 (full 5):
 PSYoungGen      total 878080K, used 236007K [0x000000076ab00000, 0x00000007aeb00000, 0x00000007c0000000)
  eden space 642048K, 0% used [0x000000076ab00000,0x000000076ab00000,0x0000000791e00000)
  from space 236032K, 99% used [0x0000000791e00000,0x00000007a0479e50,0x00000007a0480000)
  to   space 208384K, 0% used [0x00000007a1f80000,0x00000007a1f80000,0x00000007aeb00000)
 ParOldGen       total 776192K, used 544072K [0x00000006c0000000, 0x00000006ef600000, 0x000000076ab00000)
  object space 776192K, 70% used [0x00000006c0000000,0x00000006e13521f8,0x00000006ef600000)
 Metaspace       used 6655K, capacity 7320K, committed 7680K, reserved 1056768K
  class space    used 627K, capacity 656K, committed 768K, reserved 1048576K
}
Event: 33.475 GC heap before
{Heap before GC invocations=23 (full 5):
 PSYoungGen      total 878080K, used 878055K [0x000000076ab00000, 0x00000007aeb00000, 0x00000007c0000000)
  eden space 642048K, 100% used [0x000000076ab00000,0x0000000791e00000,0x0000000791e00000)
  from space 236032K, 99% used [0x0000000791e00000,0x00000007a0479e50,0x00000007a0480000)
  to   space 208384K, 0% used [0x00000007a1f80000,0x00000007a1f80000,0x00000007aeb00000)
 ParOldGen       total 776192K, used 544072K [0x00000006c0000000, 0x00000006ef600000, 0x000000076ab00000)
  object space 776192K, 70% used [0x00000006c0000000,0x00000006e13521f8,0x00000006ef600000)
 Metaspace       used 6655K, capacity 7320K, committed 7680K, reserved 1056768K
  class space    used 627K, capacity 656K, committed 768K, reserved 1048576K
Event: 33.903 GC heap after
Heap after GC invocations=23 (full 5):
 PSYoungGen      total 850432K, used 143090K [0x000000076ab00000, 0x00000007aeb00000, 0x00000007c0000000)
  eden space 642048K, 0% used [0x000000076ab00000,0x000000076ab00000,0x0000000791e00000)
  from space 208384K, 68% used [0x00000007a1f80000,0x00000007aab3c890,0x00000007aeb00000)
  to   space 236032K, 0% used [0x0000000791e00000,0x0000000791e00000,0x00000007a0480000)
 ParOldGen       total 776192K, used 710751K [0x00000006c0000000, 0x00000006ef600000, 0x000000076ab00000)
  object space 776192K, 91% used [0x00000006c0000000,0x00000006eb617ca8,0x00000006ef600000)
 Metaspace       used 6655K, capacity 7320K, committed 7680K, reserved 1056768K
  class space    used 627K, capacity 656K, committed 768K, reserved 1048576K
}
Event: 33.903 GC heap before
{Heap before GC invocations=24 (full 6):
 PSYoungGen      total 850432K, used 143090K [0x000000076ab00000, 0x00000007aeb00000, 0x00000007c0000000)
  eden space 642048K, 0% used [0x000000076ab00000,0x000000076ab00000,0x0000000791e00000)
  from space 208384K, 68% used [0x00000007a1f80000,0x00000007aab3c890,0x00000007aeb00000)
  to   space 236032K, 0% used [0x0000000791e00000,0x0000000791e00000,0x00000007a0480000)
 ParOldGen       total 776192K, used 710751K [0x00000006c0000000, 0x00000006ef600000, 0x000000076ab00000)
  object space 776192K, 91% used [0x00000006c0000000,0x00000006eb617ca8,0x00000006ef600000)
 Metaspace       used 6655K, capacity 7320K, committed 7680K, reserved 1056768K
  class space    used 627K, capacity 656K, committed 768K, reserved 1048576K
Event: 41.158 GC heap after
Heap after GC invocations=24 (full 6):
 PSYoungGen      total 850432K, used 71982K [0x000000076ab00000, 0x00000007aeb00000, 0x00000007c0000000)
  eden space 642048K, 0% used [0x000000076ab00000,0x000000076ab00000,0x0000000791e00000)
  from space 208384K, 34% used [0x00000007a1f80000,0x00000007a65cb958,0x00000007aeb00000)
  to   space 236032K, 0% used [0x0000000791e00000,0x0000000791e00000,0x00000007a0480000)
 ParOldGen       total 776192K, used 775833K [0x00000006c0000000, 0x00000006ef600000, 0x000000076ab00000)
  object space 776192K, 99% used [0x00000006c0000000,0x00000006ef5a6720,0x00000006ef600000)
 Metaspace       used 6655K, capacity 7320K, committed 7680K, reserved 1056768K
  class space    used 627K, capacity 656K, committed 768K, reserved 1048576K
}

