# JRE version: Java(TM) SE Runtime Environment (8.0_73-b02) (build 1.8.0_73-b02)
# Java VM: Java HotSpot(TM) 64-Bit Server VM (25.73-b02 mixed mode windows-amd64 compressed oops)
Heap:
 PSYoungGen      total 987136K, used 272254K [0x000000076ab00000, 0x00000007c0000000, 0x00000007c0000000)
  eden space 667648K, 16% used [0x000000076ab00000,0x00000007716975a8,0x0000000793700000)
  from space 319488K, 50% used [0x0000000793700000,0x000000079d5485a0,0x00000007a6f00000)
  to   space 335872K, 0% used [0x00000007ab800000,0x00000007ab800000,0x00000007c0000000)
 ParOldGen       total 1035264K, used 703671K [0x00000006c0000000, 0x00000006ff300000, 0x000000076ab00000)
  object space 1035264K, 67% used [0x00000006c0000000,0x00000006eaf2dd88,0x00000006ff300000)
 Metaspace       used 6799K, capacity 7384K, committed 7680K, reserved 1056768K
  class space    used 634K, capacity 656K, committed 768K, reserved 1048576K
GC Heap History (10 events):
Event: 28.059 GC heap before
{Heap before GC invocations=20 (full 4):
 PSYoungGen      total 727040K, used 668317K [0x000000076ab00000, 0x00000007aee00000, 0x00000007c0000000)
  eden space 542720K, 100% used [0x000000076ab00000,0x000000078bd00000,0x000000078bd00000)
  from space 184320K, 68% used [0x000000078bd00000,0x00000007937a7750,0x0000000797100000)
  to   space 232448K, 0% used [0x00000007a0b00000,0x00000007a0b00000,0x00000007aee00000)
 ParOldGen       total 704000K, used 457363K [0x00000006c0000000, 0x00000006eaf80000, 0x000000076ab00000)
  object space 704000K, 64% used [0x00000006c0000000,0x00000006dbea4f88,0x00000006eaf80000)
 Metaspace       used 6674K, capacity 7320K, committed 7680K, reserved 1056768K
  class space    used 627K, capacity 656K, committed 768K, reserved 1048576K
Event: 28.556 GC heap after
Heap after GC invocations=20 (full 4):
 PSYoungGen      total 855040K, used 133914K [0x000000076ab00000, 0x00000007ae200000, 0x00000007c0000000)
  eden space 634880K, 0% used [0x000000076ab00000,0x000000076ab00000,0x0000000791700000)
  from space 220160K, 60% used [0x00000007a0b00000,0x00000007a8dc6958,0x00000007ae200000)
  to   space 235008K, 0% used [0x0000000791700000,0x0000000791700000,0x000000079fc80000)
 ParOldGen       total 704000K, used 519426K [0x00000006c0000000, 0x00000006eaf80000, 0x000000076ab00000)
  object space 704000K, 73% used [0x00000006c0000000,0x00000006dfb40898,0x00000006eaf80000)
 Metaspace       used 6674K, capacity 7320K, committed 7680K, reserved 1056768K
  class space    used 627K, capacity 656K, committed 768K, reserved 1048576K
}
Event: 29.780 GC heap before
{Heap before GC invocations=21 (full 4):
 PSYoungGen      total 855040K, used 768794K [0x000000076ab00000, 0x00000007ae200000, 0x00000007c0000000)
  eden space 634880K, 100% used [0x000000076ab00000,0x0000000791700000,0x0000000791700000)
  from space 220160K, 60% used [0x00000007a0b00000,0x00000007a8dc6958,0x00000007ae200000)
  to   space 235008K, 0% used [0x0000000791700000,0x0000000791700000,0x000000079fc80000)
 ParOldGen       total 704000K, used 519426K [0x00000006c0000000, 0x00000006eaf80000, 0x000000076ab00000)
  object space 704000K, 73% used [0x00000006c0000000,0x00000006dfb40898,0x00000006eaf80000)
 Metaspace       used 6674K, capacity 7320K, committed 7680K, reserved 1056768K
  class space    used 627K, capacity 656K, committed 768K, reserved 1048576K
Event: 30.089 GC heap after
Heap after GC invocations=21 (full 4):
 PSYoungGen      total 869888K, used 225998K [0x000000076ab00000, 0x00000007b7780000, 0x00000007c0000000)
  eden space 634880K, 0% used [0x000000076ab00000,0x000000076ab00000,0x0000000791700000)
  from space 235008K, 96% used [0x0000000791700000,0x000000079f3b3ae0,0x000000079fc80000)
  to   space 270848K, 0% used [0x00000007a6f00000,0x00000007a6f00000,0x00000007b7780000)
 ParOldGen       total 704000K, used 519434K [0x00000006c0000000, 0x00000006eaf80000, 0x000000076ab00000)
  object space 704000K, 73% used [0x00000006c0000000,0x00000006dfb42898,0x00000006eaf80000)
 Metaspace       used 6674K, capacity 7320K, committed 7680K, reserved 1056768K
  class space    used 627K, capacity 656K, committed 768K, reserved 1048576K
}
Event: 31.681 GC heap before
{Heap before GC invocations=22 (full 4):
 PSYoungGen      total 869888K, used 860878K [0x000000076ab00000, 0x00000007b7780000, 0x00000007c0000000)
  eden space 634880K, 100% used [0x000000076ab00000,0x0000000791700000,0x0000000791700000)
  from space 235008K, 96% used [0x0000000791700000,0x000000079f3b3ae0,0x000000079fc80000)
  to   space 270848K, 0% used [0x00000007a6f00000,0x00000007a6f00000,0x00000007b7780000)
 ParOldGen       total 704000K, used 519434K [0x00000006c0000000, 0x00000006eaf80000, 0x000000076ab00000)
  object space 704000K, 73% used [0x00000006c0000000,0x00000006dfb42898,0x00000006eaf80000)
 Metaspace       used 6675K, capacity 7320K, committed 7680K, reserved 1056768K
  class space    used 627K, capacity 656K, committed 768K, reserved 1048576K
Event: 32.107 GC heap after
Heap after GC invocations=22 (full 4):
 PSYoungGen      total 938496K, used 270846K [0x000000076ab00000, 0x00000007bdd80000, 0x00000007c0000000)
  eden space 667648K, 0% used [0x000000076ab00000,0x000000076ab00000,0x0000000793700000)
  from space 270848K, 99% used [0x00000007a6f00000,0x00000007b777fb18,0x00000007b7780000)
  to   space 319488K, 0% used [0x0000000793700000,0x0000000793700000,0x00000007a6f00000)
 ParOldGen       total 704000K, used 530435K [0x00000006c0000000, 0x00000006eaf80000, 0x000000076ab00000)
  object space 704000K, 75% used [0x00000006c0000000,0x00000006e0600e60,0x00000006eaf80000)
 Metaspace       used 6675K, capacity 7320K, committed 7680K, reserved 1056768K
  class space    used 627K, capacity 656K, committed 768K, reserved 1048576K
}
Event: 33.939 GC heap before
{Heap before GC invocations=23 (full 4):
 PSYoungGen      total 938496K, used 938494K [0x000000076ab00000, 0x00000007bdd80000, 0x00000007c0000000)
  eden space 667648K, 100% used [0x000000076ab00000,0x0000000793700000,0x0000000793700000)
  from space 270848K, 99% used [0x00000007a6f00000,0x00000007b777fb18,0x00000007b7780000)
  to   space 319488K, 0% used [0x0000000793700000,0x0000000793700000,0x00000007a6f00000)
 ParOldGen       total 704000K, used 530435K [0x00000006c0000000, 0x00000006eaf80000, 0x000000076ab00000)
  object space 704000K, 75% used [0x00000006c0000000,0x00000006e0600e60,0x00000006eaf80000)
 Metaspace       used 6792K, capacity 7384K, committed 7680K, reserved 1056768K
  class space    used 634K, capacity 656K, committed 768K, reserved 1048576K
Event: 34.502 GC heap after
Heap after GC invocations=23 (full 4):
 PSYoungGen      total 987136K, used 220000K [0x000000076ab00000, 0x00000007c0000000, 0x00000007c0000000)
  eden space 667648K, 0% used [0x000000076ab00000,0x000000076ab00000,0x0000000793700000)
  from space 319488K, 68% used [0x0000000793700000,0x00000007a0dd8370,0x00000007a6f00000)
  to   space 335872K, 0% used [0x00000007ab800000,0x00000007ab800000,0x00000007c0000000)
 ParOldGen       total 704000K, used 660388K [0x00000006c0000000, 0x00000006eaf80000, 0x000000076ab00000)
  object space 704000K, 93% used [0x00000006c0000000,0x00000006e84e9360,0x00000006eaf80000)
 Metaspace       used 6792K, capacity 7384K, committed 7680K, reserved 1056768K
  class space    used 634K, capacity 656K, committed 768K, reserved 1048576K
}
Event: 34.502 GC heap before
{Heap before GC invocations=24 (full 5):
 PSYoungGen      total 987136K, used 220000K [0x000000076ab00000, 0x00000007c0000000, 0x00000007c0000000)
  eden space 667648K, 0% used [0x000000076ab00000,0x000000076ab00000,0x0000000793700000)
  from space 319488K, 68% used [0x0000000793700000,0x00000007a0dd8370,0x00000007a6f00000)
  to   space 335872K, 0% used [0x00000007ab800000,0x00000007ab800000,0x00000007c0000000)
 ParOldGen       total 704000K, used 660388K [0x00000006c0000000, 0x00000006eaf80000, 0x000000076ab00000)
  object space 704000K, 93% used [0x00000006c0000000,0x00000006e84e9360,0x00000006eaf80000)
 Metaspace       used 6792K, capacity 7384K, committed 7680K, reserved 1056768K
  class space    used 634K, capacity 656K, committed 768K, reserved 1048576K
Event: 41.811 GC heap after
Heap after GC invocations=24 (full 5):
 PSYoungGen      total 987136K, used 162081K [0x000000076ab00000, 0x00000007c0000000, 0x00000007c0000000)
  eden space 667648K, 0% used [0x000000076ab00000,0x000000076ab00000,0x0000000793700000)
  from space 319488K, 50% used [0x0000000793700000,0x000000079d5485a0,0x00000007a6f00000)
  to   space 335872K, 0% used [0x00000007ab800000,0x00000007ab800000,0x00000007c0000000)
 ParOldGen       total 1035264K, used 703671K [0x00000006c0000000, 0x00000006ff300000, 0x000000076ab00000)
  object space 1035264K, 67% used [0x00000006c0000000,0x00000006eaf2dd88,0x00000006ff300000)
 Metaspace       used 6792K, capacity 7384K, committed 7680K, reserved 1056768K
  class space    used 634K, capacity 656K, committed 768K, reserved 1048576K
}

